2021/11/18 21:52:48 INFO  - jmeter.util.JMeterUtils: Setting Locale to en_US 
2021/11/18 21:52:48 INFO  - jmeter.JMeter: Loading user properties from: C:\Users\pedra\Desktop\workspace\Java\JavaProjects\Jmeter_mvn\target\jmeter\bin\user.properties 
2021/11/18 21:52:48 INFO  - jmeter.JMeter: Loading system properties from: C:\Users\pedra\Desktop\workspace\Java\JavaProjects\Jmeter_mvn\target\jmeter\bin\system.properties 
2021/11/18 21:52:48 INFO  - jmeter.JMeter: Copyright (c) 1998-2016 The Apache Software Foundation 
2021/11/18 21:52:48 INFO  - jmeter.JMeter: Version 3.1 r1770033 
2021/11/18 21:52:48 INFO  - jmeter.JMeter: java.version=11.0.4 
2021/11/18 21:52:48 INFO  - jmeter.JMeter: java.vm.name=OpenJDK 64-Bit Server VM 
2021/11/18 21:52:48 INFO  - jmeter.JMeter: os.name=Windows 10 
2021/11/18 21:52:48 INFO  - jmeter.JMeter: os.arch=amd64 
2021/11/18 21:52:48 INFO  - jmeter.JMeter: os.version=10.0 
2021/11/18 21:52:48 INFO  - jmeter.JMeter: file.encoding=Cp1252 
2021/11/18 21:52:48 INFO  - jmeter.JMeter: Max memory     =536870912 
2021/11/18 21:52:48 INFO  - jmeter.JMeter: Available Processors =8 
2021/11/18 21:52:48 INFO  - jmeter.JMeter: Default Locale=English (United States) 
2021/11/18 21:52:48 INFO  - jmeter.JMeter: JMeter  Locale=English (United States) 
2021/11/18 21:52:48 INFO  - jmeter.JMeter: JMeterHome=C:\Users\pedra\Desktop\workspace\Java\JavaProjects\Jmeter_mvn\target\jmeter 
2021/11/18 21:52:48 INFO  - jmeter.JMeter: user.dir  =C:\Users\pedra\Desktop\workspace\Java\JavaProjects\Jmeter_mvn\target\jmeter\bin 
2021/11/18 21:52:48 INFO  - jmeter.JMeter: PWD       =C:\Users\pedra\Desktop\workspace\Java\JavaProjects\Jmeter_mvn\target\jmeter\bin 
2021/11/18 21:52:52 INFO  - jmeter.JMeter: IP: 172.28.64.1 Name: LAPTOP-KE8UK1SE FullName: LAPTOP-KE8UK1SE 
2021/11/18 21:52:52 INFO  - jmeter.services.FileServer: Default base='C:\Users\pedra\Desktop\workspace\Java\JavaProjects\Jmeter_mvn\target\jmeter\bin' 
2021/11/18 21:52:52 INFO  - jmeter.services.FileServer: Set new base='C:\Users\pedra\Desktop\workspace\Java\JavaProjects\Jmeter_mvn\target\jmeter\testFiles' 
2021/11/18 21:52:52 INFO  - jmeter.save.SaveService: Testplan (JMX) version: 2.2. Testlog (JTL) version: 2.2 
2021/11/18 21:52:52 INFO  - jmeter.save.SaveService: Using SaveService properties version 3.1 
2021/11/18 21:52:52 INFO  - jmeter.save.SaveService: Using SaveService properties file encoding UTF-8 
2021/11/18 21:52:53 INFO  - jmeter.save.SaveService: All converter versions present and correct 
2021/11/18 21:52:53 INFO  - jmeter.save.SaveService: Loading file: C:\Users\pedra\Desktop\workspace\Java\JavaProjects\Jmeter_mvn\target\jmeter\testFiles\ViewResultsTree.jmx 
2021/11/18 21:52:53 INFO  - jmeter.protocol.http.sampler.HTTPSamplerBase: Parser for text/html is org.apache.jmeter.protocol.http.parser.LagartoBasedHtmlParser 
2021/11/18 21:52:53 INFO  - jmeter.protocol.http.sampler.HTTPSamplerBase: Parser for application/xhtml+xml is org.apache.jmeter.protocol.http.parser.LagartoBasedHtmlParser 
2021/11/18 21:52:53 INFO  - jmeter.protocol.http.sampler.HTTPSamplerBase: Parser for application/xml is org.apache.jmeter.protocol.http.parser.LagartoBasedHtmlParser 
2021/11/18 21:52:53 INFO  - jmeter.protocol.http.sampler.HTTPSamplerBase: Parser for text/xml is org.apache.jmeter.protocol.http.parser.LagartoBasedHtmlParser 
2021/11/18 21:52:53 INFO  - jmeter.protocol.http.sampler.HTTPSamplerBase: Parser for text/vnd.wap.wml is org.apache.jmeter.protocol.http.parser.RegexpHTMLParser 
2021/11/18 21:52:53 INFO  - jmeter.protocol.http.sampler.HTTPSamplerBase: Parser for text/css is org.apache.jmeter.protocol.http.parser.CssParser 
2021/11/18 21:52:53 INFO  - jmeter.JMeter: Creating summariser <summary> 
2021/11/18 21:52:53 INFO  - jmeter.engine.StandardJMeterEngine: Running the test! 
2021/11/18 21:52:53 INFO  - jmeter.samplers.SampleEvent: List of sample_variables: [] 
2021/11/18 21:52:53 INFO  - jmeter.samplers.SampleEvent: List of sample_variables: [] 
2021/11/18 21:52:53 INFO  - jmeter.engine.util.CompoundVariable: Note: Function class names must contain the string: '.functions.' 
2021/11/18 21:52:53 INFO  - jmeter.engine.util.CompoundVariable: Note: Function class names must not contain the string: '.gui.' 
2021/11/18 21:52:53 INFO  - jmeter.JMeter: Running test (1637290373139) 
2021/11/18 21:52:53 INFO  - jmeter.engine.StandardJMeterEngine: Starting ThreadGroup: 1 : Thread Group 
2021/11/18 21:52:53 INFO  - jmeter.engine.StandardJMeterEngine: Starting 1 threads for group Thread Group. 
2021/11/18 21:52:53 INFO  - jmeter.engine.StandardJMeterEngine: Thread will continue on error 
2021/11/18 21:52:53 INFO  - jmeter.threads.ThreadGroup: Starting thread group number 1 threads 1 ramp-up 1 perThread 1000.0 delayedStart=false 
2021/11/18 21:52:53 INFO  - jmeter.threads.ThreadGroup: Started thread group number 1 
2021/11/18 21:52:53 INFO  - jmeter.engine.StandardJMeterEngine: All thread groups have been started 
2021/11/18 21:52:53 INFO  - jmeter.threads.JMeterThread: Thread started: Thread Group 1-1 
2021/11/18 21:52:53 INFO  - jmeter.protocol.http.sampler.HTTPHCAbstractImpl: Local host = LAPTOP-KE8UK1SE 
2021/11/18 21:52:53 INFO  - jmeter.protocol.http.sampler.HTTPHC4Impl: HTTP request retry count = 0 
2021/11/18 21:52:53 INFO  - jmeter.samplers.SampleResult: Note: Sample TimeStamps are START times 
2021/11/18 21:52:53 INFO  - jmeter.samplers.SampleResult: sampleresult.default.encoding is set to ISO-8859-1 
2021/11/18 21:52:53 INFO  - jmeter.samplers.SampleResult: sampleresult.useNanoTime=true 
2021/11/18 21:52:53 INFO  - jmeter.samplers.SampleResult: sampleresult.nanoThreadSleep=5000 
2021/11/18 21:52:53 INFO  - jmeter.protocol.http.sampler.LazySchemeSocketFactory: Setting up HTTPS TrustAll Socket Factory 
2021/11/18 21:52:53 INFO  - jmeter.util.JsseSSLManager: Using default SSL protocol: TLS 
2021/11/18 21:52:53 INFO  - jmeter.util.JsseSSLManager: SSL session context: per-thread 
2021/11/18 21:52:53 INFO  - jmeter.util.SSLManager: JmeterKeyStore Location:  type JKS 
2021/11/18 21:52:53 INFO  - jmeter.util.SSLManager: KeyStore created OK 
2021/11/18 21:52:53 WARN  - jmeter.util.SSLManager: Keystore file not found, loading empty keystore 
2021/11/18 21:52:54 INFO  - jmeter.threads.JMeterThread: Thread is done: Thread Group 1-1 
2021/11/18 21:52:54 INFO  - jmeter.threads.JMeterThread: Thread finished: Thread Group 1-1 
2021/11/18 21:52:54 INFO  - jmeter.engine.StandardJMeterEngine: Notifying test listeners of end of test 
2021/11/18 21:52:54 INFO  - jmeter.reporters.Summariser: summary =      1 in 00:00:01 =    0.9/s Avg:   978 Min:   978 Max:   978 Err:     0 (0.00%) 
